# JRE version: OpenJDK Runtime Environment Temurin-21.0.1+12 (21.0.1+12) (build 21.0.1+12-LTS)
# Java VM: OpenJDK 64-Bit Server VM Temurin-21.0.1+12 (21.0.1+12-LTS, mixed mode, emulated-client, sharing, tiered, compressed oops, compressed class ptrs, g1 gc, windows-amd64)
GC Precious Log:
 CardTable entry size: 512
 Card Set container configuration: InlinePtr #cards 5 size 8 Array Of Cards #cards 12 size 40 Howl #buckets 4 coarsen threshold 1843 Howl Bitmap #cards 512 size 80 coarsen threshold 460 Card regions per heap region 1 cards per card region 2048
 CPUs: 8 total, 8 available
 Memory: 7991M
 Large Page Support: Disabled
 NUMA Support: Disabled
 Compressed Oops: Enabled (32-bit)
 Heap Region Size: 1M
 Heap Min Capacity: 8M
 Heap Initial Capacity: 126M
 Heap Max Capacity: 1998M
 Pre-touch: Disabled
 Parallel Workers: 8
 Concurrent Workers: 2
 Concurrent Refinement Workers: 8
 Periodic GC: Disabled
Heap:
 garbage-first heap   total 200704K, used 146654K [0x0000000083200000, 0x0000000100000000)
  region size 1024K, 77 young (78848K), 3 survivors (3072K)
 Metaspace       used 68238K, committed 68992K, reserved 1114112K
  class space    used 10188K, committed 10560K, reserved 1048576K
GC Heap History (20 events):
Event: 7.407 GC heap before
{Heap before GC invocations=27 (full 0):
 garbage-first heap   total 96256K, used 83369K [0x0000000083200000, 0x0000000100000000)
  region size 1024K, 42 young (43008K), 6 survivors (6144K)
 Metaspace       used 66274K, committed 67072K, reserved 1114112K
  class space    used 9761K, committed 10112K, reserved 1048576K
}
Event: 7.412 GC heap after
{Heap after GC invocations=28 (full 0):
 garbage-first heap   total 96256K, used 49398K [0x0000000083200000, 0x0000000100000000)
  region size 1024K, 4 young (4096K), 4 survivors (4096K)
 Metaspace       used 66274K, committed 67072K, reserved 1114112K
  class space    used 9761K, committed 10112K, reserved 1048576K
}
Event: 7.509 GC heap before
{Heap before GC invocations=28 (full 0):
 garbage-first heap   total 96256K, used 85238K [0x0000000083200000, 0x0000000100000000)
  region size 1024K, 39 young (39936K), 4 survivors (4096K)
 Metaspace       used 66274K, committed 67072K, reserved 1114112K
  class space    used 9761K, committed 10112K, reserved 1048576K
}
Event: 7.515 GC heap after
{Heap after GC invocations=29 (full 0):
 garbage-first heap   total 96256K, used 52774K [0x0000000083200000, 0x0000000100000000)
  region size 1024K, 4 young (4096K), 4 survivors (4096K)
 Metaspace       used 66274K, committed 67072K, reserved 1114112K
  class space    used 9761K, committed 10112K, reserved 1048576K
}
Event: 7.624 GC heap before
{Heap before GC invocations=30 (full 0):
 garbage-first heap   total 114688K, used 83494K [0x0000000083200000, 0x0000000100000000)
  region size 1024K, 34 young (34816K), 4 survivors (4096K)
 Metaspace       used 66274K, committed 67072K, reserved 1114112K
  class space    used 9761K, committed 10112K, reserved 1048576K
}
Event: 7.627 GC heap after
{Heap after GC invocations=31 (full 0):
 garbage-first heap   total 114688K, used 55498K [0x0000000083200000, 0x0000000100000000)
  region size 1024K, 3 young (3072K), 3 survivors (3072K)
 Metaspace       used 66274K, committed 67072K, reserved 1114112K
  class space    used 9761K, committed 10112K, reserved 1048576K
}
Event: 7.754 GC heap before
{Heap before GC invocations=31 (full 0):
 garbage-first heap   total 114688K, used 103626K [0x0000000083200000, 0x0000000100000000)
  region size 1024K, 50 young (51200K), 3 survivors (3072K)
 Metaspace       used 66274K, committed 67072K, reserved 1114112K
  class space    used 9761K, committed 10112K, reserved 1048576K
}
Event: 7.758 GC heap after
{Heap after GC invocations=32 (full 0):
 garbage-first heap   total 114688K, used 59391K [0x0000000083200000, 0x0000000100000000)
  region size 1024K, 7 young (7168K), 7 survivors (7168K)
 Metaspace       used 66274K, committed 67072K, reserved 1114112K
  class space    used 9761K, committed 10112K, reserved 1048576K
}
Event: 7.778 GC heap before
{Heap before GC invocations=32 (full 0):
 garbage-first heap   total 114688K, used 67583K [0x0000000083200000, 0x0000000100000000)
  region size 1024K, 16 young (16384K), 7 survivors (7168K)
 Metaspace       used 66274K, committed 67072K, reserved 1114112K
  class space    used 9761K, committed 10112K, reserved 1048576K
}
Event: 7.783 GC heap after
{Heap after GC invocations=33 (full 0):
 garbage-first heap   total 189440K, used 60928K [0x0000000083200000, 0x0000000100000000)
  region size 1024K, 2 young (2048K), 2 survivors (2048K)
 Metaspace       used 66274K, committed 67072K, reserved 1114112K
  class space    used 9761K, committed 10112K, reserved 1048576K
}
Event: 7.786 GC heap before
{Heap before GC invocations=33 (full 0):
 garbage-first heap   total 189440K, used 62976K [0x0000000083200000, 0x0000000100000000)
  region size 1024K, 4 young (4096K), 2 survivors (2048K)
 Metaspace       used 66274K, committed 67072K, reserved 1114112K
  class space    used 9761K, committed 10112K, reserved 1048576K
}
Event: 7.787 GC heap after
{Heap after GC invocations=34 (full 0):
 garbage-first heap   total 189440K, used 61163K [0x0000000083200000, 0x0000000100000000)
  region size 1024K, 1 young (1024K), 1 survivors (1024K)
 Metaspace       used 66274K, committed 67072K, reserved 1114112K
  class space    used 9761K, committed 10112K, reserved 1048576K
}
Event: 9.590 GC heap before
{Heap before GC invocations=35 (full 0):
 garbage-first heap   total 189440K, used 189163K [0x0000000083200000, 0x0000000100000000)
  region size 1024K, 51 young (52224K), 1 survivors (1024K)
 Metaspace       used 66274K, committed 67072K, reserved 1114112K
  class space    used 9761K, committed 10112K, reserved 1048576K
}
Event: 9.597 GC heap after
{Heap after GC invocations=36 (full 0):
 garbage-first heap   total 200704K, used 70198K [0x0000000083200000, 0x0000000100000000)
  region size 1024K, 11 young (11264K), 11 survivors (11264K)
 Metaspace       used 66274K, committed 67072K, reserved 1114112K
  class space    used 9761K, committed 10112K, reserved 1048576K
}
Event: 9.909 GC heap before
{Heap before GC invocations=36 (full 0):
 garbage-first heap   total 200704K, used 177718K [0x0000000083200000, 0x0000000100000000)
  region size 1024K, 116 young (118784K), 11 survivors (11264K)
 Metaspace       used 66445K, committed 67264K, reserved 1114112K
  class space    used 9778K, committed 10176K, reserved 1048576K
}
Event: 9.915 GC heap after
{Heap after GC invocations=37 (full 0):
 garbage-first heap   total 200704K, used 71280K [0x0000000083200000, 0x0000000100000000)
  region size 1024K, 2 young (2048K), 2 survivors (2048K)
 Metaspace       used 66445K, committed 67264K, reserved 1114112K
  class space    used 9778K, committed 10176K, reserved 1048576K
}
Event: 10.256 GC heap before
{Heap before GC invocations=37 (full 0):
 garbage-first heap   total 200704K, used 185968K [0x0000000083200000, 0x0000000100000000)
  region size 1024K, 114 young (116736K), 2 survivors (2048K)
 Metaspace       used 66487K, committed 67264K, reserved 1114112K
  class space    used 9798K, committed 10176K, reserved 1048576K
}
Event: 10.259 GC heap after
{Heap after GC invocations=38 (full 0):
 garbage-first heap   total 200704K, used 71652K [0x0000000083200000, 0x0000000100000000)
  region size 1024K, 3 young (3072K), 3 survivors (3072K)
 Metaspace       used 66487K, committed 67264K, reserved 1114112K
  class space    used 9798K, committed 10176K, reserved 1048576K
}
Event: 11.257 GC heap before
{Heap before GC invocations=39 (full 0):
 garbage-first heap   total 200704K, used 185316K [0x0000000083200000, 0x0000000100000000)
  region size 1024K, 114 young (116736K), 3 survivors (3072K)
 Metaspace       used 66587K, committed 67328K, reserved 1114112K
  class space    used 9826K, committed 10176K, reserved 1048576K
}
Event: 11.259 GC heap after
{Heap after GC invocations=40 (full 0):
 garbage-first heap   total 200704K, used 71902K [0x0000000083200000, 0x0000000100000000)
  region size 1024K, 3 young (3072K), 3 survivors (3072K)
 Metaspace       used 66587K, committed 67328K, reserved 1114112K
  class space    used 9826K, committed 10176K, reserved 1048576K
}

